{
  "RSpec": {
    "coverage": {
      "/Users/jonathanbernesser/Turing/3module/trend_font/app/helpers/application_helper.rb": [
        1,
        null
      ],
      "/Users/jonathanbernesser/Turing/3module/trend_font/app/models/font.rb": [
        1,
        null,
        1,
        9,
        null,
        null,
        1,
        9,
        9,
        90,
        null,
        null,
        null,
        null,
        1,
        90,
        90,
        null,
        null,
        1,
        40,
        null,
        null,
        1,
        20,
        null,
        null
      ],
      "/Users/jonathanbernesser/Turing/3module/trend_font/app/controllers/welcome_controller.rb": [
        1,
        null,
        1,
        null,
        null,
        null
      ],
      "/Users/jonathanbernesser/Turing/3module/trend_font/app/controllers/application_controller.rb": [
        1,
        1,
        1,
        null,
        1,
        7,
        null,
        null,
        1,
        2,
        20,
        null,
        null,
        null,
        null
      ],
      "/Users/jonathanbernesser/Turing/3module/trend_font/app/controllers/sessions_controller.rb": [
        1,
        null,
        1,
        2,
        2,
        2,
        null,
        null,
        1,
        1,
        1,
        null,
        null,
        null
      ],
      "/Users/jonathanbernesser/Turing/3module/trend_font/app/services/google_font_service.rb": [
        1,
        null,
        1,
        9,
        null,
        null,
        1,
        9,
        9,
        9,
        9,
        null,
        null,
        null,
        1,
        4,
        null,
        null,
        1,
        1,
        null,
        null,
        1,
        4,
        null,
        null,
        1,
        null,
        1,
        9,
        9,
        null,
        null,
        null
      ],
      "/Users/jonathanbernesser/Turing/3module/trend_font/app/controllers/recent_fonts_controller.rb": [
        1,
        1,
        null,
        1,
        1,
        null,
        null,
        null
      ],
      "/Users/jonathanbernesser/Turing/3module/trend_font/app/controllers/trending_fonts_controller.rb": [
        1,
        1,
        null,
        1,
        1,
        null,
        null,
        null
      ],
      "/Users/jonathanbernesser/Turing/3module/trend_font/app/controllers/popular_fonts_controller.rb": [
        0,
        0,
        0,
        0,
        0,
        0,
        0,
        0
      ]
    },
    "timestamp": 1464277657
  }
}
